<?xml version="1.0" encoding="UTF-8"?>
<testsuite xmlns:xsi="http://www.w3.org/2001/XMLSchema-instance" xsi:noNamespaceSchemaLocation="https://maven.apache.org/surefire/maven-surefire-plugin/xsd/surefire-test-report.xsd" name="org.example.MainTest" time="0.842" tests="11" errors="0" skipped="0" failures="0">
  <properties>
[...]
</properties>
  <testcase name="testWallSetHeight" classname="org.example.MainTest" time="0.03"/>
  <testcase name="testWallGetHeight" classname="org.example.MainTest" time="0.001"/>
  <testcase name="testPersonGetFirstName" classname="org.example.MainTest" time="0.001"/>
  <testcase name="testPersonTypes" classname="org.example.MainTest" time="0.004"/>
  <testcase name="testPersonGetAge" classname="org.example.MainTest" time="0.001"/>
  <testcase name="testPersonIsTeen" classname="org.example.MainTest" time="0.001"/>
  <testcase name="testWallSetWidth" classname="org.example.MainTest" time="0"/>
  <testcase name="testWallGetWidth" classname="org.example.MainTest" time="0.001"/>
  <testcase name="testWallGetArea" classname="org.example.MainTest" time="0.001"/>
  <testcase name="testPersonGetLastName" classname="org.example.MainTest" time="0.001"/>
  <testcase name="testWallTypes" classname="org.example.MainTest" time="0"/>
</testsuite>